2026-03-14 15:53:04,550 - feature_engineering - ERROR - File not found: params.yaml
2026-03-14 15:53:04,553 - feature_engineering - ERROR - Failed to complete the feature engineering process: [Errno 2] No such file or directory: 'params.yaml'
2026-03-14 15:54:32,416 - feature_engineering - DEBUG - Data loaded and NaNs filled from ./data/interim/train_processed.csv
2026-03-14 15:54:32,434 - feature_engineering - DEBUG - Data loaded and NaNs filled from ./data/interim/test_processed.csv
2026-03-14 15:54:32,612 - feature_engineering - DEBUG - tfidf applied and data transformed
2026-03-14 15:54:32,793 - feature_engineering - DEBUG - Data saved to ./data\processed\train_tfidf.csv
2026-03-14 15:54:32,846 - feature_engineering - DEBUG - Data saved to ./data\processed\test_tfidf.csv
2026-03-14 17:06:54,295 - feature_engineering - DEBUG - Data loaded and NaNs filled from ./data/interim/train_processed.csv
2026-03-14 17:06:54,299 - feature_engineering - DEBUG - Data loaded and NaNs filled from ./data/interim/test_processed.csv
2026-03-14 17:06:54,413 - feature_engineering - DEBUG - tfidf applied and data transformed
2026-03-14 17:06:54,581 - feature_engineering - DEBUG - Data saved to ./data\processed\train_tfidf.csv
2026-03-14 17:06:54,629 - feature_engineering - DEBUG - Data saved to ./data\processed\test_tfidf.csv
2026-03-14 17:07:38,026 - feature_engineering - DEBUG - Data loaded and NaNs filled from ./data/interim/train_processed.csv
2026-03-14 17:07:38,031 - feature_engineering - DEBUG - Data loaded and NaNs filled from ./data/interim/test_processed.csv
2026-03-14 17:07:38,144 - feature_engineering - DEBUG - tfidf applied and data transformed
2026-03-14 17:07:38,325 - feature_engineering - DEBUG - Data saved to ./data\processed\train_tfidf.csv
2026-03-14 17:07:38,384 - feature_engineering - DEBUG - Data saved to ./data\processed\test_tfidf.csv
2026-03-16 11:18:00,565 - feature_engineering - DEBUG - Parameters retrieved from params.yaml
2026-03-16 11:18:00,578 - feature_engineering - DEBUG - Data loaded and NaNs filled from ./data/interim/train_processed.csv
2026-03-16 11:18:00,584 - feature_engineering - DEBUG - Data loaded and NaNs filled from ./data/interim/test_processed.csv
2026-03-16 11:18:00,712 - feature_engineering - DEBUG - tfidf applied and data transformed
2026-03-16 11:18:00,842 - feature_engineering - DEBUG - Data saved to ./data\processed\train_tfidf.csv
2026-03-16 11:18:00,880 - feature_engineering - DEBUG - Data saved to ./data\processed\test_tfidf.csv
2026-03-16 11:18:27,676 - feature_engineering - DEBUG - Parameters retrieved from params.yaml
2026-03-16 11:18:27,690 - feature_engineering - DEBUG - Data loaded and NaNs filled from ./data/interim/train_processed.csv
2026-03-16 11:18:27,696 - feature_engineering - DEBUG - Data loaded and NaNs filled from ./data/interim/test_processed.csv
2026-03-16 11:18:27,813 - feature_engineering - DEBUG - tfidf applied and data transformed
2026-03-16 11:18:27,941 - feature_engineering - DEBUG - Data saved to ./data\processed\train_tfidf.csv
2026-03-16 11:18:27,975 - feature_engineering - DEBUG - Data saved to ./data\processed\test_tfidf.csv
2026-03-16 14:07:14,790 - feature_engineering - DEBUG - Parameters retrieved from params.yaml
2026-03-16 14:07:14,800 - feature_engineering - DEBUG - Data loaded and NaNs filled from ./data/interim/train_processed.csv
2026-03-16 14:07:14,805 - feature_engineering - DEBUG - Data loaded and NaNs filled from ./data/interim/test_processed.csv
2026-03-16 14:07:14,924 - feature_engineering - DEBUG - tfidf applied and data transformed
2026-03-16 14:07:15,028 - feature_engineering - DEBUG - Data saved to ./data\processed\train_tfidf.csv
2026-03-16 14:07:15,068 - feature_engineering - DEBUG - Data saved to ./data\processed\test_tfidf.csv
2026-03-16 14:07:43,825 - feature_engineering - DEBUG - Parameters retrieved from params.yaml
2026-03-16 14:07:43,835 - feature_engineering - DEBUG - Data loaded and NaNs filled from ./data/interim/train_processed.csv
2026-03-16 14:07:43,841 - feature_engineering - DEBUG - Data loaded and NaNs filled from ./data/interim/test_processed.csv
2026-03-16 14:07:43,956 - feature_engineering - DEBUG - tfidf applied and data transformed
2026-03-16 14:07:44,055 - feature_engineering - DEBUG - Data saved to ./data\processed\train_tfidf.csv
2026-03-16 14:07:44,101 - feature_engineering - DEBUG - Data saved to ./data\processed\test_tfidf.csv
